<?xml version="1.0" encoding="UTF-8"?>
<testng-results skipped="0" failed="0" total="1" passed="1">
  <reporter-output>
  </reporter-output>
  <suite name="Main Test Suite" duration-ms="303612" started-at="2018-01-25T17:55:31Z" finished-at="2018-01-25T18:00:35Z">
    <groups>
    </groups>
    <test name="TestNG Test Group" duration-ms="303612" started-at="2018-01-25T17:55:31Z" finished-at="2018-01-25T18:00:35Z">
      <class name="com.test.AutomateInsta">
        <test-method status="PASS" signature="setUp()[pri:0, instance:com.test.AutomateInsta@1b40d5f0]" name="setUp" is-config="true" duration-ms="3423" started-at="2018-01-25T23:25:31Z" finished-at="2018-01-25T23:25:35Z">
          <reporter-output>
          </reporter-output>
        </test-method> <!-- setUp -->
        <test-method status="PASS" signature="test()[pri:0, instance:com.test.AutomateInsta@1b40d5f0]" name="test" duration-ms="299298" started-at="2018-01-25T23:25:35Z" finished-at="2018-01-25T23:30:34Z">
          <reporter-output>
          </reporter-output>
        </test-method> <!-- test -->
        <test-method status="PASS" signature="tearDown()[pri:0, instance:com.test.AutomateInsta@1b40d5f0]" name="tearDown" is-config="true" duration-ms="881" started-at="2018-01-25T23:30:34Z" finished-at="2018-01-25T23:30:35Z">
          <reporter-output>
          </reporter-output>
        </test-method> <!-- tearDown -->
      </class> <!-- com.test.AutomateInsta -->
    </test> <!-- TestNG Test Group -->
  </suite> <!-- Main Test Suite -->
</testng-results>
